2023-06-23 16:33:10.642  INFO 31860 --- [main] com.transporter.TransportApplication     : Starting TransportApplication using Java 17.0.4 on DESKTOP-M9MCLSC with PID 31860 (C:\Me\Projek\operator\backend-op\build\classes\java\main started by dartmedia in C:\Me\Projek\operator\backend-op)
2023-06-23 16:33:10.650  INFO 31860 --- [main] com.transporter.TransportApplication     : No active profile set, falling back to 1 default profile: "default"
2023-06-23 16:33:12.265  INFO 31860 --- [main] .s.d.r.c.RepositoryConfigurationDelegate : Multiple Spring Data modules found, entering strict repository configuration mode
2023-06-23 16:33:12.272  INFO 31860 --- [main] .s.d.r.c.RepositoryConfigurationDelegate : Bootstrapping Spring Data JDBC repositories in DEFAULT mode.
2023-06-23 16:33:12.338  INFO 31860 --- [main] .RepositoryConfigurationExtensionSupport : Spring Data JDBC - Could not safely identify store assignment for repository candidate interface com.transporter.Repository.MSISDNRepository; If you want this repository to be a JDBC repository, consider annotating your entities with one of these annotations: org.springframework.data.relational.core.mapping.Table.
2023-06-23 16:33:12.344  INFO 31860 --- [main] .RepositoryConfigurationExtensionSupport : Spring Data JDBC - Could not safely identify store assignment for repository candidate interface com.transporter.Repository.TransportRepository; If you want this repository to be a JDBC repository, consider annotating your entities with one of these annotations: org.springframework.data.relational.core.mapping.Table.
2023-06-23 16:33:12.346  INFO 31860 --- [main] .s.d.r.c.RepositoryConfigurationDelegate : Finished Spring Data repository scanning in 63 ms. Found 0 JDBC repository interfaces.
2023-06-23 16:33:12.364  INFO 31860 --- [main] .s.d.r.c.RepositoryConfigurationDelegate : Multiple Spring Data modules found, entering strict repository configuration mode
2023-06-23 16:33:12.367  INFO 31860 --- [main] .s.d.r.c.RepositoryConfigurationDelegate : Bootstrapping Spring Data JPA repositories in DEFAULT mode.
2023-06-23 16:33:12.455  INFO 31860 --- [main] .s.d.r.c.RepositoryConfigurationDelegate : Finished Spring Data repository scanning in 77 ms. Found 2 JPA repository interfaces.
2023-06-23 16:33:14.131  INFO 31860 --- [main] o.s.b.w.embedded.tomcat.TomcatWebServer  : Tomcat initialized with port(s): 8085 (http)
2023-06-23 16:33:14.134  INFO 31860 --- [main] o.a.catalina.core.AprLifecycleListener   : Loaded Apache Tomcat Native library [1.2.33] using APR version [1.7.0].
2023-06-23 16:33:14.136  INFO 31860 --- [main] o.a.catalina.core.AprLifecycleListener   : APR capabilities: IPv6 [true], sendfile [true], accept filters [false], random [true], UDS [true].
2023-06-23 16:33:14.137  INFO 31860 --- [main] o.a.catalina.core.AprLifecycleListener   : APR/OpenSSL configuration: useAprConnector [false], useOpenSSL [true]
2023-06-23 16:33:14.145  INFO 31860 --- [main] o.a.catalina.core.AprLifecycleListener   : OpenSSL successfully initialized [OpenSSL 1.1.1o  3 May 2022]
2023-06-23 16:33:14.175  INFO 31860 --- [main] o.apache.catalina.core.StandardService   : Starting service [Tomcat]
2023-06-23 16:33:14.176  INFO 31860 --- [main] org.apache.catalina.core.StandardEngine  : Starting Servlet engine: [Apache Tomcat/9.0.74]
2023-06-23 16:33:14.474  INFO 31860 --- [main] o.a.c.c.C.[Tomcat].[localhost].[/]       : Initializing Spring embedded WebApplicationContext
2023-06-23 16:33:14.475  INFO 31860 --- [main] w.s.c.ServletWebServerApplicationContext : Root WebApplicationContext: initialization completed in 3675 ms
2023-06-23 16:33:14.944  INFO 31860 --- [main] o.hibernate.jpa.internal.util.LogHelper  : HHH000204: Processing PersistenceUnitInfo [name: default]
2023-06-23 16:33:15.197  INFO 31860 --- [main] org.hibernate.Version                    : HHH000412: Hibernate ORM core version 5.6.15.Final
2023-06-23 16:33:15.721  INFO 31860 --- [main] o.hibernate.annotations.common.Version   : HCANN000001: Hibernate Commons Annotations {5.1.2.Final}
2023-06-23 16:33:16.102  INFO 31860 --- [main] com.zaxxer.hikari.HikariDataSource       : HikariPool-1 - Starting...
2023-06-23 16:33:16.875  INFO 31860 --- [main] com.zaxxer.hikari.HikariDataSource       : HikariPool-1 - Start completed.
2023-06-23 16:33:16.913  INFO 31860 --- [main] org.hibernate.dialect.Dialect            : HHH000400: Using dialect: org.hibernate.dialect.MySQL5Dialect
2023-06-23 16:33:18.521  INFO 31860 --- [main] o.h.e.t.j.p.i.JtaPlatformInitiator       : HHH000490: Using JtaPlatform implementation: [org.hibernate.engine.transaction.jta.platform.internal.NoJtaPlatform]
2023-06-23 16:33:18.549  INFO 31860 --- [main] j.LocalContainerEntityManagerFactoryBean : Initialized JPA EntityManagerFactory for persistence unit 'default'
2023-06-23 16:33:19.682  WARN 31860 --- [main] JpaBaseConfiguration$JpaWebConfiguration : spring.jpa.open-in-view is enabled by default. Therefore, database queries may be performed during view rendering. Explicitly configure spring.jpa.open-in-view to disable this warning
2023-06-23 16:33:20.609  INFO 31860 --- [main] o.s.b.w.embedded.tomcat.TomcatWebServer  : Tomcat started on port(s): 8085 (http) with context path ''
2023-06-23 16:33:20.641  INFO 31860 --- [main] com.transporter.TransportApplication     : Started TransportApplication in 10.619 seconds (JVM running for 10.963)
2023-06-23 16:33:33.833  INFO 5916 --- [main] com.transporter.TransportApplication     : Starting TransportApplication using Java 17.0.4 on DESKTOP-M9MCLSC with PID 5916 (C:\Me\Projek\operator\backend-op\build\classes\java\main started by dartmedia in C:\Me\Projek\operator\backend-op)
2023-06-23 16:33:33.844  INFO 5916 --- [main] com.transporter.TransportApplication     : No active profile set, falling back to 1 default profile: "default"
2023-06-23 16:33:35.523  INFO 5916 --- [main] .s.d.r.c.RepositoryConfigurationDelegate : Multiple Spring Data modules found, entering strict repository configuration mode
2023-06-23 16:33:35.527  INFO 5916 --- [main] .s.d.r.c.RepositoryConfigurationDelegate : Bootstrapping Spring Data JDBC repositories in DEFAULT mode.
2023-06-23 16:33:35.610  INFO 5916 --- [main] .RepositoryConfigurationExtensionSupport : Spring Data JDBC - Could not safely identify store assignment for repository candidate interface com.transporter.Repository.MSISDNRepository; If you want this repository to be a JDBC repository, consider annotating your entities with one of these annotations: org.springframework.data.relational.core.mapping.Table.
2023-06-23 16:33:35.618  INFO 5916 --- [main] .RepositoryConfigurationExtensionSupport : Spring Data JDBC - Could not safely identify store assignment for repository candidate interface com.transporter.Repository.TransportRepository; If you want this repository to be a JDBC repository, consider annotating your entities with one of these annotations: org.springframework.data.relational.core.mapping.Table.
2023-06-23 16:33:35.621  INFO 5916 --- [main] .s.d.r.c.RepositoryConfigurationDelegate : Finished Spring Data repository scanning in 80 ms. Found 0 JDBC repository interfaces.
2023-06-23 16:33:35.639  INFO 5916 --- [main] .s.d.r.c.RepositoryConfigurationDelegate : Multiple Spring Data modules found, entering strict repository configuration mode
2023-06-23 16:33:35.641  INFO 5916 --- [main] .s.d.r.c.RepositoryConfigurationDelegate : Bootstrapping Spring Data JPA repositories in DEFAULT mode.
2023-06-23 16:33:35.729  INFO 5916 --- [main] .s.d.r.c.RepositoryConfigurationDelegate : Finished Spring Data repository scanning in 72 ms. Found 2 JPA repository interfaces.
2023-06-23 16:33:37.253  INFO 5916 --- [main] o.s.b.w.embedded.tomcat.TomcatWebServer  : Tomcat initialized with port(s): 8085 (http)
2023-06-23 16:33:37.257  INFO 5916 --- [main] o.a.catalina.core.AprLifecycleListener   : Loaded Apache Tomcat Native library [1.2.33] using APR version [1.7.0].
2023-06-23 16:33:37.259  INFO 5916 --- [main] o.a.catalina.core.AprLifecycleListener   : APR capabilities: IPv6 [true], sendfile [true], accept filters [false], random [true], UDS [true].
2023-06-23 16:33:37.260  INFO 5916 --- [main] o.a.catalina.core.AprLifecycleListener   : APR/OpenSSL configuration: useAprConnector [false], useOpenSSL [true]
2023-06-23 16:33:37.268  INFO 5916 --- [main] o.a.catalina.core.AprLifecycleListener   : OpenSSL successfully initialized [OpenSSL 1.1.1o  3 May 2022]
2023-06-23 16:33:37.294  INFO 5916 --- [main] o.apache.catalina.core.StandardService   : Starting service [Tomcat]
2023-06-23 16:33:37.296  INFO 5916 --- [main] org.apache.catalina.core.StandardEngine  : Starting Servlet engine: [Apache Tomcat/9.0.74]
2023-06-23 16:33:37.525  INFO 5916 --- [main] o.a.c.c.C.[Tomcat].[localhost].[/]       : Initializing Spring embedded WebApplicationContext
2023-06-23 16:33:37.526  INFO 5916 --- [main] w.s.c.ServletWebServerApplicationContext : Root WebApplicationContext: initialization completed in 3539 ms
2023-06-23 16:33:38.031  INFO 5916 --- [main] o.hibernate.jpa.internal.util.LogHelper  : HHH000204: Processing PersistenceUnitInfo [name: default]
2023-06-23 16:33:38.193  INFO 5916 --- [main] org.hibernate.Version                    : HHH000412: Hibernate ORM core version 5.6.15.Final
2023-06-23 16:33:38.708  INFO 5916 --- [main] o.hibernate.annotations.common.Version   : HCANN000001: Hibernate Commons Annotations {5.1.2.Final}
2023-06-23 16:33:39.073  INFO 5916 --- [main] com.zaxxer.hikari.HikariDataSource       : HikariPool-1 - Starting...
2023-06-23 16:33:39.962  INFO 5916 --- [main] com.zaxxer.hikari.HikariDataSource       : HikariPool-1 - Start completed.
2023-06-23 16:33:40.023  INFO 5916 --- [main] org.hibernate.dialect.Dialect            : HHH000400: Using dialect: org.hibernate.dialect.MySQL5Dialect
2023-06-23 16:33:41.964  INFO 5916 --- [main] o.h.e.t.j.p.i.JtaPlatformInitiator       : HHH000490: Using JtaPlatform implementation: [org.hibernate.engine.transaction.jta.platform.internal.NoJtaPlatform]
2023-06-23 16:33:41.989  INFO 5916 --- [main] j.LocalContainerEntityManagerFactoryBean : Initialized JPA EntityManagerFactory for persistence unit 'default'
2023-06-23 16:33:43.310  WARN 5916 --- [main] JpaBaseConfiguration$JpaWebConfiguration : spring.jpa.open-in-view is enabled by default. Therefore, database queries may be performed during view rendering. Explicitly configure spring.jpa.open-in-view to disable this warning
2023-06-23 16:33:44.290  INFO 5916 --- [main] o.s.b.w.embedded.tomcat.TomcatWebServer  : Tomcat started on port(s): 8085 (http) with context path ''
2023-06-23 16:33:44.318  INFO 5916 --- [main] com.transporter.TransportApplication     : Started TransportApplication in 11.943 seconds (JVM running for 13.057)
2023-06-23 16:34:11.882  INFO 5916 --- [http-nio-8085-exec-1] o.a.c.c.C.[Tomcat].[localhost].[/]       : Initializing Spring DispatcherServlet 'dispatcherServlet'
2023-06-23 16:34:11.882  INFO 5916 --- [http-nio-8085-exec-1] o.s.web.servlet.DispatcherServlet        : Initializing Servlet 'dispatcherServlet'
2023-06-23 16:34:11.886  INFO 5916 --- [http-nio-8085-exec-1] o.s.web.servlet.DispatcherServlet        : Completed initialization in 2 ms
2023-06-23 16:34:48.874  INFO 5916 --- [http-nio-8085-exec-4] c.t.Controller.TransportController       : Request Report 628111390311, failed
2023-06-23 16:34:52.749  INFO 5916 --- [http-nio-8085-exec-3] c.t.Controller.TransportController       : Request Report 628111390311, failed
2023-06-23 16:35:14.103  INFO 5916 --- [http-nio-8085-exec-8] c.t.Controller.TransportController       : Request Report 628111390311, failed
2023-06-23 16:37:38.358  INFO 44556 --- [main] com.transporter.TransportApplication     : Starting TransportApplication using Java 17.0.4 on DESKTOP-M9MCLSC with PID 44556 (C:\Me\Projek\operator\backend-op\build\classes\java\main started by dartmedia in C:\Me\Projek\operator\backend-op)
2023-06-23 16:37:38.371  INFO 44556 --- [main] com.transporter.TransportApplication     : No active profile set, falling back to 1 default profile: "default"
2023-06-23 16:37:39.984  INFO 44556 --- [main] .s.d.r.c.RepositoryConfigurationDelegate : Multiple Spring Data modules found, entering strict repository configuration mode
2023-06-23 16:37:39.989  INFO 44556 --- [main] .s.d.r.c.RepositoryConfigurationDelegate : Bootstrapping Spring Data JDBC repositories in DEFAULT mode.
2023-06-23 16:37:40.064  INFO 44556 --- [main] .RepositoryConfigurationExtensionSupport : Spring Data JDBC - Could not safely identify store assignment for repository candidate interface com.transporter.Repository.MSISDNRepository; If you want this repository to be a JDBC repository, consider annotating your entities with one of these annotations: org.springframework.data.relational.core.mapping.Table.
2023-06-23 16:37:40.070  INFO 44556 --- [main] .RepositoryConfigurationExtensionSupport : Spring Data JDBC - Could not safely identify store assignment for repository candidate interface com.transporter.Repository.TransportRepository; If you want this repository to be a JDBC repository, consider annotating your entities with one of these annotations: org.springframework.data.relational.core.mapping.Table.
2023-06-23 16:37:40.072  INFO 44556 --- [main] .s.d.r.c.RepositoryConfigurationDelegate : Finished Spring Data repository scanning in 71 ms. Found 0 JDBC repository interfaces.
2023-06-23 16:37:40.089  INFO 44556 --- [main] .s.d.r.c.RepositoryConfigurationDelegate : Multiple Spring Data modules found, entering strict repository configuration mode
2023-06-23 16:37:40.091  INFO 44556 --- [main] .s.d.r.c.RepositoryConfigurationDelegate : Bootstrapping Spring Data JPA repositories in DEFAULT mode.
2023-06-23 16:37:40.171  INFO 44556 --- [main] .s.d.r.c.RepositoryConfigurationDelegate : Finished Spring Data repository scanning in 68 ms. Found 2 JPA repository interfaces.
2023-06-23 16:37:41.738  INFO 44556 --- [main] o.s.b.w.embedded.tomcat.TomcatWebServer  : Tomcat initialized with port(s): 8085 (http)
2023-06-23 16:37:41.743  INFO 44556 --- [main] o.a.catalina.core.AprLifecycleListener   : Loaded Apache Tomcat Native library [1.2.33] using APR version [1.7.0].
2023-06-23 16:37:41.744  INFO 44556 --- [main] o.a.catalina.core.AprLifecycleListener   : APR capabilities: IPv6 [true], sendfile [true], accept filters [false], random [true], UDS [true].
2023-06-23 16:37:41.744  INFO 44556 --- [main] o.a.catalina.core.AprLifecycleListener   : APR/OpenSSL configuration: useAprConnector [false], useOpenSSL [true]
2023-06-23 16:37:41.753  INFO 44556 --- [main] o.a.catalina.core.AprLifecycleListener   : OpenSSL successfully initialized [OpenSSL 1.1.1o  3 May 2022]
2023-06-23 16:37:41.777  INFO 44556 --- [main] o.apache.catalina.core.StandardService   : Starting service [Tomcat]
2023-06-23 16:37:41.778  INFO 44556 --- [main] org.apache.catalina.core.StandardEngine  : Starting Servlet engine: [Apache Tomcat/9.0.74]
2023-06-23 16:37:42.019  INFO 44556 --- [main] o.a.c.c.C.[Tomcat].[localhost].[/]       : Initializing Spring embedded WebApplicationContext
2023-06-23 16:37:42.019  INFO 44556 --- [main] w.s.c.ServletWebServerApplicationContext : Root WebApplicationContext: initialization completed in 3477 ms
2023-06-23 16:37:42.492  INFO 44556 --- [main] o.hibernate.jpa.internal.util.LogHelper  : HHH000204: Processing PersistenceUnitInfo [name: default]
2023-06-23 16:37:42.677  INFO 44556 --- [main] org.hibernate.Version                    : HHH000412: Hibernate ORM core version 5.6.15.Final
2023-06-23 16:37:43.221  INFO 44556 --- [main] o.hibernate.annotations.common.Version   : HCANN000001: Hibernate Commons Annotations {5.1.2.Final}
2023-06-23 16:37:43.486  INFO 44556 --- [main] com.zaxxer.hikari.HikariDataSource       : HikariPool-1 - Starting...
2023-06-23 16:37:44.485  INFO 44556 --- [main] com.zaxxer.hikari.HikariDataSource       : HikariPool-1 - Start completed.
2023-06-23 16:37:44.538  INFO 44556 --- [main] org.hibernate.dialect.Dialect            : HHH000400: Using dialect: org.hibernate.dialect.MySQL5Dialect
2023-06-23 16:37:46.186  INFO 44556 --- [main] o.h.e.t.j.p.i.JtaPlatformInitiator       : HHH000490: Using JtaPlatform implementation: [org.hibernate.engine.transaction.jta.platform.internal.NoJtaPlatform]
2023-06-23 16:37:46.209  INFO 44556 --- [main] j.LocalContainerEntityManagerFactoryBean : Initialized JPA EntityManagerFactory for persistence unit 'default'
2023-06-23 16:37:47.325  WARN 44556 --- [main] JpaBaseConfiguration$JpaWebConfiguration : spring.jpa.open-in-view is enabled by default. Therefore, database queries may be performed during view rendering. Explicitly configure spring.jpa.open-in-view to disable this warning
2023-06-23 16:37:48.306  INFO 44556 --- [main] o.s.b.w.embedded.tomcat.TomcatWebServer  : Tomcat started on port(s): 8085 (http) with context path ''
2023-06-23 16:37:48.334  INFO 44556 --- [main] com.transporter.TransportApplication     : Started TransportApplication in 11.228 seconds (JVM running for 12.06)
2023-06-23 16:37:58.343  INFO 44556 --- [http-nio-8085-exec-1] o.a.c.c.C.[Tomcat].[localhost].[/]       : Initializing Spring DispatcherServlet 'dispatcherServlet'
2023-06-23 16:37:58.344  INFO 44556 --- [http-nio-8085-exec-1] o.s.web.servlet.DispatcherServlet        : Initializing Servlet 'dispatcherServlet'
2023-06-23 16:37:58.347  INFO 44556 --- [http-nio-8085-exec-1] o.s.web.servlet.DispatcherServlet        : Completed initialization in 2 ms
2023-06-23 16:37:58.658  INFO 44556 --- [http-nio-8085-exec-1] c.t.Controller.TransportController       : Request Report 628111390311, success
2023-06-23 16:38:00.962  INFO 44556 --- [http-nio-8085-exec-3] c.t.Controller.TransportController       : Request Report 628111390311, success
2023-06-23 16:40:32.380  INFO 44556 --- [http-nio-8085-exec-6] com.transporter.DAO.TransportDAOImpl     : Report Failed cause : Incorrect result size: expected 1, actual 0
2023-06-23 16:40:32.380  INFO 44556 --- [http-nio-8085-exec-6] c.t.Controller.TransportController       : Request Report 62811139031, Cannot find data
2023-06-23 16:40:56.018  INFO 46464 --- [main] com.transporter.TransportApplication     : Starting TransportApplication using Java 17.0.4 on DESKTOP-M9MCLSC with PID 46464 (C:\Me\Projek\operator\backend-op\build\classes\java\main started by dartmedia in C:\Me\Projek\operator\backend-op)
2023-06-23 16:40:56.031  INFO 46464 --- [main] com.transporter.TransportApplication     : No active profile set, falling back to 1 default profile: "default"
2023-06-23 16:40:58.182  INFO 46464 --- [main] .s.d.r.c.RepositoryConfigurationDelegate : Multiple Spring Data modules found, entering strict repository configuration mode
2023-06-23 16:40:58.186  INFO 46464 --- [main] .s.d.r.c.RepositoryConfigurationDelegate : Bootstrapping Spring Data JDBC repositories in DEFAULT mode.
2023-06-23 16:40:58.254  INFO 46464 --- [main] .RepositoryConfigurationExtensionSupport : Spring Data JDBC - Could not safely identify store assignment for repository candidate interface com.transporter.Repository.MSISDNRepository; If you want this repository to be a JDBC repository, consider annotating your entities with one of these annotations: org.springframework.data.relational.core.mapping.Table.
2023-06-23 16:40:58.259  INFO 46464 --- [main] .RepositoryConfigurationExtensionSupport : Spring Data JDBC - Could not safely identify store assignment for repository candidate interface com.transporter.Repository.TransportRepository; If you want this repository to be a JDBC repository, consider annotating your entities with one of these annotations: org.springframework.data.relational.core.mapping.Table.
2023-06-23 16:40:58.261  INFO 46464 --- [main] .s.d.r.c.RepositoryConfigurationDelegate : Finished Spring Data repository scanning in 65 ms. Found 0 JDBC repository interfaces.
2023-06-23 16:40:58.284  INFO 46464 --- [main] .s.d.r.c.RepositoryConfigurationDelegate : Multiple Spring Data modules found, entering strict repository configuration mode
2023-06-23 16:40:58.287  INFO 46464 --- [main] .s.d.r.c.RepositoryConfigurationDelegate : Bootstrapping Spring Data JPA repositories in DEFAULT mode.
2023-06-23 16:40:58.365  INFO 46464 --- [main] .s.d.r.c.RepositoryConfigurationDelegate : Finished Spring Data repository scanning in 66 ms. Found 2 JPA repository interfaces.
2023-06-23 16:41:00.116  INFO 46464 --- [main] o.s.b.w.embedded.tomcat.TomcatWebServer  : Tomcat initialized with port(s): 8085 (http)
2023-06-23 16:41:00.120  INFO 46464 --- [main] o.a.catalina.core.AprLifecycleListener   : Loaded Apache Tomcat Native library [1.2.33] using APR version [1.7.0].
2023-06-23 16:41:00.122  INFO 46464 --- [main] o.a.catalina.core.AprLifecycleListener   : APR capabilities: IPv6 [true], sendfile [true], accept filters [false], random [true], UDS [true].
2023-06-23 16:41:00.123  INFO 46464 --- [main] o.a.catalina.core.AprLifecycleListener   : APR/OpenSSL configuration: useAprConnector [false], useOpenSSL [true]
2023-06-23 16:41:00.131  INFO 46464 --- [main] o.a.catalina.core.AprLifecycleListener   : OpenSSL successfully initialized [OpenSSL 1.1.1o  3 May 2022]
2023-06-23 16:41:00.153  INFO 46464 --- [main] o.apache.catalina.core.StandardService   : Starting service [Tomcat]
2023-06-23 16:41:00.154  INFO 46464 --- [main] org.apache.catalina.core.StandardEngine  : Starting Servlet engine: [Apache Tomcat/9.0.74]
2023-06-23 16:41:00.404  INFO 46464 --- [main] o.a.c.c.C.[Tomcat].[localhost].[/]       : Initializing Spring embedded WebApplicationContext
2023-06-23 16:41:00.405  INFO 46464 --- [main] w.s.c.ServletWebServerApplicationContext : Root WebApplicationContext: initialization completed in 4212 ms
2023-06-23 16:41:00.891  INFO 46464 --- [main] o.hibernate.jpa.internal.util.LogHelper  : HHH000204: Processing PersistenceUnitInfo [name: default]
2023-06-23 16:41:01.015  INFO 46464 --- [main] org.hibernate.Version                    : HHH000412: Hibernate ORM core version 5.6.15.Final
2023-06-23 16:41:01.494  INFO 46464 --- [main] o.hibernate.annotations.common.Version   : HCANN000001: Hibernate Commons Annotations {5.1.2.Final}
2023-06-23 16:41:01.822  INFO 46464 --- [main] com.zaxxer.hikari.HikariDataSource       : HikariPool-1 - Starting...
2023-06-23 16:41:02.953  INFO 46464 --- [main] com.zaxxer.hikari.HikariDataSource       : HikariPool-1 - Start completed.
2023-06-23 16:41:03.006  INFO 46464 --- [main] org.hibernate.dialect.Dialect            : HHH000400: Using dialect: org.hibernate.dialect.MySQL5Dialect
2023-06-23 16:41:04.618  INFO 46464 --- [main] o.h.e.t.j.p.i.JtaPlatformInitiator       : HHH000490: Using JtaPlatform implementation: [org.hibernate.engine.transaction.jta.platform.internal.NoJtaPlatform]
2023-06-23 16:41:04.643  INFO 46464 --- [main] j.LocalContainerEntityManagerFactoryBean : Initialized JPA EntityManagerFactory for persistence unit 'default'
2023-06-23 16:41:05.744  WARN 46464 --- [main] JpaBaseConfiguration$JpaWebConfiguration : spring.jpa.open-in-view is enabled by default. Therefore, database queries may be performed during view rendering. Explicitly configure spring.jpa.open-in-view to disable this warning
2023-06-23 16:41:06.700  INFO 46464 --- [main] o.s.b.w.embedded.tomcat.TomcatWebServer  : Tomcat started on port(s): 8085 (http) with context path ''
2023-06-23 16:41:06.736  INFO 46464 --- [main] com.transporter.TransportApplication     : Started TransportApplication in 11.79 seconds (JVM running for 12.673)
2023-06-23 16:41:08.507  INFO 46464 --- [http-nio-8085-exec-1] o.a.c.c.C.[Tomcat].[localhost].[/]       : Initializing Spring DispatcherServlet 'dispatcherServlet'
2023-06-23 16:41:08.508  INFO 46464 --- [http-nio-8085-exec-1] o.s.web.servlet.DispatcherServlet        : Initializing Servlet 'dispatcherServlet'
2023-06-23 16:41:08.511  INFO 46464 --- [http-nio-8085-exec-1] o.s.web.servlet.DispatcherServlet        : Completed initialization in 1 ms
2023-06-23 16:41:08.787  INFO 46464 --- [http-nio-8085-exec-1] com.transporter.DAO.TransportDAOImpl     : Report Failed cause : Incorrect result size: expected 1, actual 0
2023-06-23 16:41:08.793  INFO 46464 --- [http-nio-8085-exec-1] c.t.Controller.TransportController       : Request Report 62811139031, Cannot find data
2023-06-23 16:41:24.166  INFO 46464 --- [http-nio-8085-exec-3] com.transporter.DAO.TransportDAOImpl     : Report Failed cause : Incorrect result size: expected 1, actual 0
2023-06-23 16:41:24.167  INFO 46464 --- [http-nio-8085-exec-3] c.t.Controller.TransportController       : Request Report 62811139031, Cannot find data
2023-06-23 16:41:28.212  INFO 46464 --- [http-nio-8085-exec-4] c.t.Controller.TransportController       : Request Report 628111390311, success
2023-06-23 16:42:10.279  INFO 46876 --- [main] com.transporter.TransportApplication     : Starting TransportApplication using Java 17.0.4 on DESKTOP-M9MCLSC with PID 46876 (C:\Me\Projek\operator\backend-op\build\classes\java\main started by dartmedia in C:\Me\Projek\operator\backend-op)
2023-06-23 16:42:10.288  INFO 46876 --- [main] com.transporter.TransportApplication     : No active profile set, falling back to 1 default profile: "default"
2023-06-23 16:42:12.042  INFO 46876 --- [main] .s.d.r.c.RepositoryConfigurationDelegate : Multiple Spring Data modules found, entering strict repository configuration mode
2023-06-23 16:42:12.045  INFO 46876 --- [main] .s.d.r.c.RepositoryConfigurationDelegate : Bootstrapping Spring Data JDBC repositories in DEFAULT mode.
2023-06-23 16:42:12.107  INFO 46876 --- [main] .RepositoryConfigurationExtensionSupport : Spring Data JDBC - Could not safely identify store assignment for repository candidate interface com.transporter.Repository.MSISDNRepository; If you want this repository to be a JDBC repository, consider annotating your entities with one of these annotations: org.springframework.data.relational.core.mapping.Table.
2023-06-23 16:42:12.112  INFO 46876 --- [main] .RepositoryConfigurationExtensionSupport : Spring Data JDBC - Could not safely identify store assignment for repository candidate interface com.transporter.Repository.TransportRepository; If you want this repository to be a JDBC repository, consider annotating your entities with one of these annotations: org.springframework.data.relational.core.mapping.Table.
2023-06-23 16:42:12.114  INFO 46876 --- [main] .s.d.r.c.RepositoryConfigurationDelegate : Finished Spring Data repository scanning in 59 ms. Found 0 JDBC repository interfaces.
2023-06-23 16:42:12.131  INFO 46876 --- [main] .s.d.r.c.RepositoryConfigurationDelegate : Multiple Spring Data modules found, entering strict repository configuration mode
2023-06-23 16:42:12.133  INFO 46876 --- [main] .s.d.r.c.RepositoryConfigurationDelegate : Bootstrapping Spring Data JPA repositories in DEFAULT mode.
2023-06-23 16:42:12.216  INFO 46876 --- [main] .s.d.r.c.RepositoryConfigurationDelegate : Finished Spring Data repository scanning in 72 ms. Found 2 JPA repository interfaces.
2023-06-23 16:42:13.742  INFO 46876 --- [main] o.s.b.w.embedded.tomcat.TomcatWebServer  : Tomcat initialized with port(s): 8085 (http)
2023-06-23 16:42:13.745  INFO 46876 --- [main] o.a.catalina.core.AprLifecycleListener   : Loaded Apache Tomcat Native library [1.2.33] using APR version [1.7.0].
2023-06-23 16:42:13.746  INFO 46876 --- [main] o.a.catalina.core.AprLifecycleListener   : APR capabilities: IPv6 [true], sendfile [true], accept filters [false], random [true], UDS [true].
2023-06-23 16:42:13.747  INFO 46876 --- [main] o.a.catalina.core.AprLifecycleListener   : APR/OpenSSL configuration: useAprConnector [false], useOpenSSL [true]
2023-06-23 16:42:13.755  INFO 46876 --- [main] o.a.catalina.core.AprLifecycleListener   : OpenSSL successfully initialized [OpenSSL 1.1.1o  3 May 2022]
2023-06-23 16:42:13.794  INFO 46876 --- [main] o.apache.catalina.core.StandardService   : Starting service [Tomcat]
2023-06-23 16:42:13.797  INFO 46876 --- [main] org.apache.catalina.core.StandardEngine  : Starting Servlet engine: [Apache Tomcat/9.0.74]
2023-06-23 16:42:14.046  INFO 46876 --- [main] o.a.c.c.C.[Tomcat].[localhost].[/]       : Initializing Spring embedded WebApplicationContext
2023-06-23 16:42:14.047  INFO 46876 --- [main] w.s.c.ServletWebServerApplicationContext : Root WebApplicationContext: initialization completed in 3610 ms
2023-06-23 16:42:14.555  INFO 46876 --- [main] o.hibernate.jpa.internal.util.LogHelper  : HHH000204: Processing PersistenceUnitInfo [name: default]
2023-06-23 16:42:14.693  INFO 46876 --- [main] org.hibernate.Version                    : HHH000412: Hibernate ORM core version 5.6.15.Final
2023-06-23 16:42:15.170  INFO 46876 --- [main] o.hibernate.annotations.common.Version   : HCANN000001: Hibernate Commons Annotations {5.1.2.Final}
2023-06-23 16:42:15.444  INFO 46876 --- [main] com.zaxxer.hikari.HikariDataSource       : HikariPool-1 - Starting...
2023-06-23 16:42:16.184  INFO 46876 --- [main] com.zaxxer.hikari.HikariDataSource       : HikariPool-1 - Start completed.
2023-06-23 16:42:16.230  INFO 46876 --- [main] org.hibernate.dialect.Dialect            : HHH000400: Using dialect: org.hibernate.dialect.MySQL5Dialect
2023-06-23 16:42:17.799  INFO 46876 --- [main] o.h.e.t.j.p.i.JtaPlatformInitiator       : HHH000490: Using JtaPlatform implementation: [org.hibernate.engine.transaction.jta.platform.internal.NoJtaPlatform]
2023-06-23 16:42:17.827  INFO 46876 --- [main] j.LocalContainerEntityManagerFactoryBean : Initialized JPA EntityManagerFactory for persistence unit 'default'
2023-06-23 16:42:18.914  WARN 46876 --- [main] JpaBaseConfiguration$JpaWebConfiguration : spring.jpa.open-in-view is enabled by default. Therefore, database queries may be performed during view rendering. Explicitly configure spring.jpa.open-in-view to disable this warning
2023-06-23 16:42:19.880  INFO 46876 --- [main] o.s.b.w.embedded.tomcat.TomcatWebServer  : Tomcat started on port(s): 8085 (http) with context path ''
2023-06-23 16:42:19.911  INFO 46876 --- [main] com.transporter.TransportApplication     : Started TransportApplication in 10.866 seconds (JVM running for 11.758)
2023-06-23 16:42:44.988  INFO 46876 --- [http-nio-8085-exec-1] o.a.c.c.C.[Tomcat].[localhost].[/]       : Initializing Spring DispatcherServlet 'dispatcherServlet'
2023-06-23 16:42:44.988  INFO 46876 --- [http-nio-8085-exec-1] o.s.web.servlet.DispatcherServlet        : Initializing Servlet 'dispatcherServlet'
2023-06-23 16:42:44.990  INFO 46876 --- [http-nio-8085-exec-1] o.s.web.servlet.DispatcherServlet        : Completed initialization in 1 ms
2023-06-23 16:42:45.411  INFO 46876 --- [http-nio-8085-exec-1] c.t.Controller.TransportController       : Number 628111390311 has been registered
2023-06-23 16:42:54.146  INFO 46876 --- [http-nio-8085-exec-6] c.t.Controller.TransportController       : Number 628111390311 has been registered
2023-06-23 16:43:57.097  INFO 46876 --- [http-nio-8085-exec-1] c.t.Controller.TransportController       : Number 628111390301 has been registered
2023-06-23 16:44:47.981  INFO 48624 --- [main] com.transporter.TransportApplication     : Starting TransportApplication using Java 17.0.4 on DESKTOP-M9MCLSC with PID 48624 (C:\Me\Projek\operator\backend-op\build\classes\java\main started by dartmedia in C:\Me\Projek\operator\backend-op)
2023-06-23 16:44:47.989  INFO 48624 --- [main] com.transporter.TransportApplication     : No active profile set, falling back to 1 default profile: "default"
2023-06-23 16:44:49.694  INFO 48624 --- [main] .s.d.r.c.RepositoryConfigurationDelegate : Multiple Spring Data modules found, entering strict repository configuration mode
2023-06-23 16:44:49.698  INFO 48624 --- [main] .s.d.r.c.RepositoryConfigurationDelegate : Bootstrapping Spring Data JDBC repositories in DEFAULT mode.
2023-06-23 16:44:49.771  INFO 48624 --- [main] .RepositoryConfigurationExtensionSupport : Spring Data JDBC - Could not safely identify store assignment for repository candidate interface com.transporter.Repository.MSISDNRepository; If you want this repository to be a JDBC repository, consider annotating your entities with one of these annotations: org.springframework.data.relational.core.mapping.Table.
2023-06-23 16:44:49.778  INFO 48624 --- [main] .RepositoryConfigurationExtensionSupport : Spring Data JDBC - Could not safely identify store assignment for repository candidate interface com.transporter.Repository.TransportRepository; If you want this repository to be a JDBC repository, consider annotating your entities with one of these annotations: org.springframework.data.relational.core.mapping.Table.
2023-06-23 16:44:49.780  INFO 48624 --- [main] .s.d.r.c.RepositoryConfigurationDelegate : Finished Spring Data repository scanning in 72 ms. Found 0 JDBC repository interfaces.
2023-06-23 16:44:49.804  INFO 48624 --- [main] .s.d.r.c.RepositoryConfigurationDelegate : Multiple Spring Data modules found, entering strict repository configuration mode
2023-06-23 16:44:49.807  INFO 48624 --- [main] .s.d.r.c.RepositoryConfigurationDelegate : Bootstrapping Spring Data JPA repositories in DEFAULT mode.
2023-06-23 16:44:49.909  INFO 48624 --- [main] .s.d.r.c.RepositoryConfigurationDelegate : Finished Spring Data repository scanning in 80 ms. Found 2 JPA repository interfaces.
2023-06-23 16:44:51.402  INFO 48624 --- [main] o.s.b.w.embedded.tomcat.TomcatWebServer  : Tomcat initialized with port(s): 8085 (http)
2023-06-23 16:44:51.405  INFO 48624 --- [main] o.a.catalina.core.AprLifecycleListener   : Loaded Apache Tomcat Native library [1.2.33] using APR version [1.7.0].
2023-06-23 16:44:51.406  INFO 48624 --- [main] o.a.catalina.core.AprLifecycleListener   : APR capabilities: IPv6 [true], sendfile [true], accept filters [false], random [true], UDS [true].
2023-06-23 16:44:51.407  INFO 48624 --- [main] o.a.catalina.core.AprLifecycleListener   : APR/OpenSSL configuration: useAprConnector [false], useOpenSSL [true]
2023-06-23 16:44:51.413  INFO 48624 --- [main] o.a.catalina.core.AprLifecycleListener   : OpenSSL successfully initialized [OpenSSL 1.1.1o  3 May 2022]
2023-06-23 16:44:51.435  INFO 48624 --- [main] o.apache.catalina.core.StandardService   : Starting service [Tomcat]
2023-06-23 16:44:51.437  INFO 48624 --- [main] org.apache.catalina.core.StandardEngine  : Starting Servlet engine: [Apache Tomcat/9.0.74]
2023-06-23 16:44:51.689  INFO 48624 --- [main] o.a.c.c.C.[Tomcat].[localhost].[/]       : Initializing Spring embedded WebApplicationContext
2023-06-23 16:44:51.689  INFO 48624 --- [main] w.s.c.ServletWebServerApplicationContext : Root WebApplicationContext: initialization completed in 3515 ms
2023-06-23 16:44:52.119  INFO 48624 --- [main] o.hibernate.jpa.internal.util.LogHelper  : HHH000204: Processing PersistenceUnitInfo [name: default]
2023-06-23 16:44:52.239  INFO 48624 --- [main] org.hibernate.Version                    : HHH000412: Hibernate ORM core version 5.6.15.Final
2023-06-23 16:44:52.694  INFO 48624 --- [main] o.hibernate.annotations.common.Version   : HCANN000001: Hibernate Commons Annotations {5.1.2.Final}
2023-06-23 16:44:52.984  INFO 48624 --- [main] com.zaxxer.hikari.HikariDataSource       : HikariPool-1 - Starting...
2023-06-23 16:44:53.723  INFO 48624 --- [main] com.zaxxer.hikari.HikariDataSource       : HikariPool-1 - Start completed.
2023-06-23 16:44:53.758  INFO 48624 --- [main] org.hibernate.dialect.Dialect            : HHH000400: Using dialect: org.hibernate.dialect.MySQL5Dialect
2023-06-23 16:44:55.408  INFO 48624 --- [main] o.h.e.t.j.p.i.JtaPlatformInitiator       : HHH000490: Using JtaPlatform implementation: [org.hibernate.engine.transaction.jta.platform.internal.NoJtaPlatform]
2023-06-23 16:44:55.432  INFO 48624 --- [main] j.LocalContainerEntityManagerFactoryBean : Initialized JPA EntityManagerFactory for persistence unit 'default'
2023-06-23 16:44:56.578  WARN 48624 --- [main] JpaBaseConfiguration$JpaWebConfiguration : spring.jpa.open-in-view is enabled by default. Therefore, database queries may be performed during view rendering. Explicitly configure spring.jpa.open-in-view to disable this warning
2023-06-23 16:44:57.500  INFO 48624 --- [main] o.s.b.w.embedded.tomcat.TomcatWebServer  : Tomcat started on port(s): 8085 (http) with context path ''
2023-06-23 16:44:57.528  INFO 48624 --- [main] com.transporter.TransportApplication     : Started TransportApplication in 10.86 seconds (JVM running for 12.003)
2023-06-23 16:45:03.251  INFO 48624 --- [http-nio-8085-exec-1] o.a.c.c.C.[Tomcat].[localhost].[/]       : Initializing Spring DispatcherServlet 'dispatcherServlet'
2023-06-23 16:45:03.251  INFO 48624 --- [http-nio-8085-exec-1] o.s.web.servlet.DispatcherServlet        : Initializing Servlet 'dispatcherServlet'
2023-06-23 16:45:03.253  INFO 48624 --- [http-nio-8085-exec-1] o.s.web.servlet.DispatcherServlet        : Completed initialization in 1 ms
2023-06-23 16:45:29.431  INFO 39256 --- [main] com.transporter.TransportApplication     : Starting TransportApplication using Java 17.0.4 on DESKTOP-M9MCLSC with PID 39256 (C:\Me\Projek\operator\backend-op\build\classes\java\main started by dartmedia in C:\Me\Projek\operator\backend-op)
2023-06-23 16:45:29.438  INFO 39256 --- [main] com.transporter.TransportApplication     : No active profile set, falling back to 1 default profile: "default"
2023-06-23 16:45:30.928  INFO 39256 --- [main] .s.d.r.c.RepositoryConfigurationDelegate : Multiple Spring Data modules found, entering strict repository configuration mode
2023-06-23 16:45:30.932  INFO 39256 --- [main] .s.d.r.c.RepositoryConfigurationDelegate : Bootstrapping Spring Data JDBC repositories in DEFAULT mode.
2023-06-23 16:45:31.003  INFO 39256 --- [main] .RepositoryConfigurationExtensionSupport : Spring Data JDBC - Could not safely identify store assignment for repository candidate interface com.transporter.Repository.MSISDNRepository; If you want this repository to be a JDBC repository, consider annotating your entities with one of these annotations: org.springframework.data.relational.core.mapping.Table.
2023-06-23 16:45:31.012  INFO 39256 --- [main] .RepositoryConfigurationExtensionSupport : Spring Data JDBC - Could not safely identify store assignment for repository candidate interface com.transporter.Repository.TransportRepository; If you want this repository to be a JDBC repository, consider annotating your entities with one of these annotations: org.springframework.data.relational.core.mapping.Table.
2023-06-23 16:45:31.014  INFO 39256 --- [main] .s.d.r.c.RepositoryConfigurationDelegate : Finished Spring Data repository scanning in 72 ms. Found 0 JDBC repository interfaces.
2023-06-23 16:45:31.032  INFO 39256 --- [main] .s.d.r.c.RepositoryConfigurationDelegate : Multiple Spring Data modules found, entering strict repository configuration mode
2023-06-23 16:45:31.034  INFO 39256 --- [main] .s.d.r.c.RepositoryConfigurationDelegate : Bootstrapping Spring Data JPA repositories in DEFAULT mode.
2023-06-23 16:45:31.134  INFO 39256 --- [main] .s.d.r.c.RepositoryConfigurationDelegate : Finished Spring Data repository scanning in 79 ms. Found 2 JPA repository interfaces.
2023-06-23 16:45:32.646  INFO 39256 --- [main] o.s.b.w.embedded.tomcat.TomcatWebServer  : Tomcat initialized with port(s): 8085 (http)
2023-06-23 16:45:32.649  INFO 39256 --- [main] o.a.catalina.core.AprLifecycleListener   : Loaded Apache Tomcat Native library [1.2.33] using APR version [1.7.0].
2023-06-23 16:45:32.650  INFO 39256 --- [main] o.a.catalina.core.AprLifecycleListener   : APR capabilities: IPv6 [true], sendfile [true], accept filters [false], random [true], UDS [true].
2023-06-23 16:45:32.651  INFO 39256 --- [main] o.a.catalina.core.AprLifecycleListener   : APR/OpenSSL configuration: useAprConnector [false], useOpenSSL [true]
2023-06-23 16:45:32.659  INFO 39256 --- [main] o.a.catalina.core.AprLifecycleListener   : OpenSSL successfully initialized [OpenSSL 1.1.1o  3 May 2022]
2023-06-23 16:45:32.678  INFO 39256 --- [main] o.apache.catalina.core.StandardService   : Starting service [Tomcat]
2023-06-23 16:45:32.679  INFO 39256 --- [main] org.apache.catalina.core.StandardEngine  : Starting Servlet engine: [Apache Tomcat/9.0.74]
2023-06-23 16:45:32.953  INFO 39256 --- [main] o.a.c.c.C.[Tomcat].[localhost].[/]       : Initializing Spring embedded WebApplicationContext
2023-06-23 16:45:32.954  INFO 39256 --- [main] w.s.c.ServletWebServerApplicationContext : Root WebApplicationContext: initialization completed in 3400 ms
2023-06-23 16:45:33.399  INFO 39256 --- [main] o.hibernate.jpa.internal.util.LogHelper  : HHH000204: Processing PersistenceUnitInfo [name: default]
2023-06-23 16:45:33.525  INFO 39256 --- [main] org.hibernate.Version                    : HHH000412: Hibernate ORM core version 5.6.15.Final
2023-06-23 16:45:33.974  INFO 39256 --- [main] o.hibernate.annotations.common.Version   : HCANN000001: Hibernate Commons Annotations {5.1.2.Final}
2023-06-23 16:45:34.257  INFO 39256 --- [main] com.zaxxer.hikari.HikariDataSource       : HikariPool-1 - Starting...
2023-06-23 16:45:35.021  INFO 39256 --- [main] com.zaxxer.hikari.HikariDataSource       : HikariPool-1 - Start completed.
2023-06-23 16:45:35.057  INFO 39256 --- [main] org.hibernate.dialect.Dialect            : HHH000400: Using dialect: org.hibernate.dialect.MySQL5Dialect
2023-06-23 16:45:37.426  INFO 39256 --- [main] o.h.e.t.j.p.i.JtaPlatformInitiator       : HHH000490: Using JtaPlatform implementation: [org.hibernate.engine.transaction.jta.platform.internal.NoJtaPlatform]
2023-06-23 16:45:37.474  INFO 39256 --- [main] j.LocalContainerEntityManagerFactoryBean : Initialized JPA EntityManagerFactory for persistence unit 'default'
2023-06-23 16:45:39.045  WARN 39256 --- [main] JpaBaseConfiguration$JpaWebConfiguration : spring.jpa.open-in-view is enabled by default. Therefore, database queries may be performed during view rendering. Explicitly configure spring.jpa.open-in-view to disable this warning
2023-06-23 16:45:40.013  INFO 39256 --- [main] o.s.b.w.embedded.tomcat.TomcatWebServer  : Tomcat started on port(s): 8085 (http) with context path ''
2023-06-23 16:45:40.039  INFO 39256 --- [main] com.transporter.TransportApplication     : Started TransportApplication in 11.63 seconds (JVM running for 12.474)
2023-06-23 16:45:42.939  INFO 39256 --- [http-nio-8085-exec-1] o.a.c.c.C.[Tomcat].[localhost].[/]       : Initializing Spring DispatcherServlet 'dispatcherServlet'
2023-06-23 16:45:42.940  INFO 39256 --- [http-nio-8085-exec-1] o.s.web.servlet.DispatcherServlet        : Initializing Servlet 'dispatcherServlet'
2023-06-23 16:45:42.942  INFO 39256 --- [http-nio-8085-exec-1] o.s.web.servlet.DispatcherServlet        : Completed initialization in 2 ms
2023-06-23 16:46:19.827  INFO 39256 --- [http-nio-8085-exec-5] c.t.Controller.TransportController       : Number 628111390301 has been registered
2023-06-23 16:47:23.360  INFO 39256 --- [http-nio-8085-exec-10] c.t.Controller.TransportController       : Number 628111390311 has been registered
2023-06-23 16:47:58.953  INFO 39256 --- [http-nio-8085-exec-2] c.t.Controller.TransportController       : Request Report 628111390301, success
2023-06-23 16:48:57.956  INFO 39256 --- [http-nio-8085-exec-9] com.transporter.DAO.TransportDAOImpl     : Report Failed cause : Incorrect result size: expected 1, actual 0
2023-06-23 16:48:57.956  INFO 39256 --- [http-nio-8085-exec-9] c.t.Controller.TransportController       : Request Report 628111390301, Cannot find data
2023-06-23 16:49:14.768  INFO 39256 --- [http-nio-8085-exec-7] c.t.Controller.TransportController       : Request Report 628111390311, success
2023-06-23 16:49:57.014  INFO 40848 --- [main] com.transporter.TransportApplication     : Starting TransportApplication using Java 17.0.4 on DESKTOP-M9MCLSC with PID 40848 (C:\Me\Projek\operator\backend-op\build\classes\java\main started by dartmedia in C:\Me\Projek\operator\backend-op)
2023-06-23 16:49:57.021  INFO 40848 --- [main] com.transporter.TransportApplication     : No active profile set, falling back to 1 default profile: "default"
2023-06-23 16:49:58.546  INFO 40848 --- [main] .s.d.r.c.RepositoryConfigurationDelegate : Multiple Spring Data modules found, entering strict repository configuration mode
2023-06-23 16:49:58.552  INFO 40848 --- [main] .s.d.r.c.RepositoryConfigurationDelegate : Bootstrapping Spring Data JDBC repositories in DEFAULT mode.
2023-06-23 16:49:58.624  INFO 40848 --- [main] .RepositoryConfigurationExtensionSupport : Spring Data JDBC - Could not safely identify store assignment for repository candidate interface com.transporter.Repository.MSISDNRepository; If you want this repository to be a JDBC repository, consider annotating your entities with one of these annotations: org.springframework.data.relational.core.mapping.Table.
2023-06-23 16:49:58.630  INFO 40848 --- [main] .RepositoryConfigurationExtensionSupport : Spring Data JDBC - Could not safely identify store assignment for repository candidate interface com.transporter.Repository.TransportRepository; If you want this repository to be a JDBC repository, consider annotating your entities with one of these annotations: org.springframework.data.relational.core.mapping.Table.
2023-06-23 16:49:58.632  INFO 40848 --- [main] .s.d.r.c.RepositoryConfigurationDelegate : Finished Spring Data repository scanning in 68 ms. Found 0 JDBC repository interfaces.
2023-06-23 16:49:58.651  INFO 40848 --- [main] .s.d.r.c.RepositoryConfigurationDelegate : Multiple Spring Data modules found, entering strict repository configuration mode
2023-06-23 16:49:58.654  INFO 40848 --- [main] .s.d.r.c.RepositoryConfigurationDelegate : Bootstrapping Spring Data JPA repositories in DEFAULT mode.
2023-06-23 16:49:58.740  INFO 40848 --- [main] .s.d.r.c.RepositoryConfigurationDelegate : Finished Spring Data repository scanning in 72 ms. Found 2 JPA repository interfaces.
2023-06-23 16:50:00.353  INFO 40848 --- [main] o.s.b.w.embedded.tomcat.TomcatWebServer  : Tomcat initialized with port(s): 8085 (http)
2023-06-23 16:50:00.356  INFO 40848 --- [main] o.a.catalina.core.AprLifecycleListener   : Loaded Apache Tomcat Native library [1.2.33] using APR version [1.7.0].
2023-06-23 16:50:00.357  INFO 40848 --- [main] o.a.catalina.core.AprLifecycleListener   : APR capabilities: IPv6 [true], sendfile [true], accept filters [false], random [true], UDS [true].
2023-06-23 16:50:00.358  INFO 40848 --- [main] o.a.catalina.core.AprLifecycleListener   : APR/OpenSSL configuration: useAprConnector [false], useOpenSSL [true]
2023-06-23 16:50:00.364  INFO 40848 --- [main] o.a.catalina.core.AprLifecycleListener   : OpenSSL successfully initialized [OpenSSL 1.1.1o  3 May 2022]
2023-06-23 16:50:00.387  INFO 40848 --- [main] o.apache.catalina.core.StandardService   : Starting service [Tomcat]
2023-06-23 16:50:00.388  INFO 40848 --- [main] org.apache.catalina.core.StandardEngine  : Starting Servlet engine: [Apache Tomcat/9.0.74]
2023-06-23 16:50:00.629  INFO 40848 --- [main] o.a.c.c.C.[Tomcat].[localhost].[/]       : Initializing Spring embedded WebApplicationContext
2023-06-23 16:50:00.630  INFO 40848 --- [main] w.s.c.ServletWebServerApplicationContext : Root WebApplicationContext: initialization completed in 3490 ms
2023-06-23 16:50:01.118  INFO 40848 --- [main] o.hibernate.jpa.internal.util.LogHelper  : HHH000204: Processing PersistenceUnitInfo [name: default]
2023-06-23 16:50:01.266  INFO 40848 --- [main] org.hibernate.Version                    : HHH000412: Hibernate ORM core version 5.6.15.Final
2023-06-23 16:50:01.769  INFO 40848 --- [main] o.hibernate.annotations.common.Version   : HCANN000001: Hibernate Commons Annotations {5.1.2.Final}
2023-06-23 16:50:02.073  INFO 40848 --- [main] com.zaxxer.hikari.HikariDataSource       : HikariPool-1 - Starting...
2023-06-23 16:50:02.867  INFO 40848 --- [main] com.zaxxer.hikari.HikariDataSource       : HikariPool-1 - Start completed.
2023-06-23 16:50:02.914  INFO 40848 --- [main] org.hibernate.dialect.Dialect            : HHH000400: Using dialect: org.hibernate.dialect.MySQL5Dialect
2023-06-23 16:50:04.575  INFO 40848 --- [main] o.h.e.t.j.p.i.JtaPlatformInitiator       : HHH000490: Using JtaPlatform implementation: [org.hibernate.engine.transaction.jta.platform.internal.NoJtaPlatform]
2023-06-23 16:50:04.598  INFO 40848 --- [main] j.LocalContainerEntityManagerFactoryBean : Initialized JPA EntityManagerFactory for persistence unit 'default'
2023-06-23 16:50:05.751  WARN 40848 --- [main] JpaBaseConfiguration$JpaWebConfiguration : spring.jpa.open-in-view is enabled by default. Therefore, database queries may be performed during view rendering. Explicitly configure spring.jpa.open-in-view to disable this warning
2023-06-23 16:50:06.702  INFO 40848 --- [main] o.s.b.w.embedded.tomcat.TomcatWebServer  : Tomcat started on port(s): 8085 (http) with context path ''
2023-06-23 16:50:06.737  INFO 40848 --- [main] com.transporter.TransportApplication     : Started TransportApplication in 10.756 seconds (JVM running for 11.619)
