2023-06-26 16:07:14.143  INFO 41508 --- [http-nio-8085-exec-7] c.t.Controller.TransportController       : Number 628111390311 has been registered
2023-06-26 16:09:07.468  WARN 41508 --- [http-nio-8085-exec-7] .w.s.m.s.DefaultHandlerExceptionResolver : Resolved [org.springframework.web.HttpRequestMethodNotSupportedException: Request method 'GET' not supported]
2023-06-26 16:09:20.532  INFO 41508 --- [http-nio-8085-exec-9] c.t.Controller.TransportController       : Request Report 628111390310, success
2023-06-26 16:12:50.934  INFO 41508 --- [http-nio-8085-exec-1] c.t.Controller.TransportController       : Number 628111391310 has been registered
2023-06-26 16:13:06.230  INFO 41508 --- [http-nio-8085-exec-3] c.t.Controller.TransportController       : Number 628111391310 has been registered
2023-06-26 16:14:06.519  INFO 41508 --- [http-nio-8085-exec-4] org.apache.tomcat.util.http.Parameters   : Invalid chunk starting at byte [57] and ending at byte [58] with a value of [=] ignored
 Note: further occurrences of Parameter errors will be logged at DEBUG level.
2023-06-26 16:14:59.328  INFO 41508 --- [http-nio-8085-exec-9] c.t.Controller.TransportController       : Request Report 628111391310, success
2023-06-26 16:17:12.081  INFO 41508 --- [http-nio-8085-exec-1] c.t.Controller.TransportController       : Request Report 628111391310, success
2023-06-26 16:17:54.092  INFO 17336 --- [main] com.transporter.TransportApplication     : Starting TransportApplication using Java 17.0.4 on DESKTOP-M9MCLSC with PID 17336 (C:\Me\Projek\operator\backend-op\build\classes\java\main started by dartmedia in C:\Me\Projek\operator\backend-op)
2023-06-26 16:17:54.096  INFO 17336 --- [main] com.transporter.TransportApplication     : No active profile set, falling back to 1 default profile: "default"
2023-06-26 16:17:54.641  INFO 17336 --- [main] .s.d.r.c.RepositoryConfigurationDelegate : Multiple Spring Data modules found, entering strict repository configuration mode
2023-06-26 16:17:54.642  INFO 17336 --- [main] .s.d.r.c.RepositoryConfigurationDelegate : Bootstrapping Spring Data JDBC repositories in DEFAULT mode.
2023-06-26 16:17:54.668  INFO 17336 --- [main] .RepositoryConfigurationExtensionSupport : Spring Data JDBC - Could not safely identify store assignment for repository candidate interface com.transporter.Repository.MSISDNRepository; If you want this repository to be a JDBC repository, consider annotating your entities with one of these annotations: org.springframework.data.relational.core.mapping.Table.
2023-06-26 16:17:54.670  INFO 17336 --- [main] .RepositoryConfigurationExtensionSupport : Spring Data JDBC - Could not safely identify store assignment for repository candidate interface com.transporter.Repository.ReportRepository; If you want this repository to be a JDBC repository, consider annotating your entities with one of these annotations: org.springframework.data.relational.core.mapping.Table.
2023-06-26 16:17:54.672  INFO 17336 --- [main] .RepositoryConfigurationExtensionSupport : Spring Data JDBC - Could not safely identify store assignment for repository candidate interface com.transporter.Repository.TransportRepository; If you want this repository to be a JDBC repository, consider annotating your entities with one of these annotations: org.springframework.data.relational.core.mapping.Table.
2023-06-26 16:17:54.673  INFO 17336 --- [main] .s.d.r.c.RepositoryConfigurationDelegate : Finished Spring Data repository scanning in 27 ms. Found 0 JDBC repository interfaces.
2023-06-26 16:17:54.680  INFO 17336 --- [main] .s.d.r.c.RepositoryConfigurationDelegate : Multiple Spring Data modules found, entering strict repository configuration mode
2023-06-26 16:17:54.681  INFO 17336 --- [main] .s.d.r.c.RepositoryConfigurationDelegate : Bootstrapping Spring Data JPA repositories in DEFAULT mode.
2023-06-26 16:17:54.714  INFO 17336 --- [main] .s.d.r.c.RepositoryConfigurationDelegate : Finished Spring Data repository scanning in 29 ms. Found 3 JPA repository interfaces.
2023-06-26 16:17:55.224  INFO 17336 --- [main] o.s.b.w.embedded.tomcat.TomcatWebServer  : Tomcat initialized with port(s): 8085 (http)
2023-06-26 16:17:55.225  INFO 17336 --- [main] o.a.catalina.core.AprLifecycleListener   : Loaded Apache Tomcat Native library [1.2.33] using APR version [1.7.0].
2023-06-26 16:17:55.225  INFO 17336 --- [main] o.a.catalina.core.AprLifecycleListener   : APR capabilities: IPv6 [true], sendfile [true], accept filters [false], random [true], UDS [true].
2023-06-26 16:17:55.225  INFO 17336 --- [main] o.a.catalina.core.AprLifecycleListener   : APR/OpenSSL configuration: useAprConnector [false], useOpenSSL [true]
2023-06-26 16:17:55.228  INFO 17336 --- [main] o.a.catalina.core.AprLifecycleListener   : OpenSSL successfully initialized [OpenSSL 1.1.1o  3 May 2022]
2023-06-26 16:17:55.235  INFO 17336 --- [main] o.apache.catalina.core.StandardService   : Starting service [Tomcat]
2023-06-26 16:17:55.236  INFO 17336 --- [main] org.apache.catalina.core.StandardEngine  : Starting Servlet engine: [Apache Tomcat/9.0.74]
2023-06-26 16:17:55.318  INFO 17336 --- [main] o.a.c.c.C.[Tomcat].[localhost].[/]       : Initializing Spring embedded WebApplicationContext
2023-06-26 16:17:55.318  INFO 17336 --- [main] w.s.c.ServletWebServerApplicationContext : Root WebApplicationContext: initialization completed in 1177 ms
2023-06-26 16:17:55.477  INFO 17336 --- [main] o.hibernate.jpa.internal.util.LogHelper  : HHH000204: Processing PersistenceUnitInfo [name: default]
2023-06-26 16:17:55.517  INFO 17336 --- [main] org.hibernate.Version                    : HHH000412: Hibernate ORM core version 5.6.15.Final
2023-06-26 16:17:55.649  INFO 17336 --- [main] o.hibernate.annotations.common.Version   : HCANN000001: Hibernate Commons Annotations {5.1.2.Final}
2023-06-26 16:17:55.745  INFO 17336 --- [main] com.zaxxer.hikari.HikariDataSource       : HikariPool-1 - Starting...
2023-06-26 16:17:56.011  INFO 17336 --- [main] com.zaxxer.hikari.HikariDataSource       : HikariPool-1 - Start completed.
2023-06-26 16:17:56.024  INFO 17336 --- [main] org.hibernate.dialect.Dialect            : HHH000400: Using dialect: org.hibernate.dialect.MySQL5Dialect
2023-06-26 16:17:56.566  INFO 17336 --- [main] o.h.e.t.j.p.i.JtaPlatformInitiator       : HHH000490: Using JtaPlatform implementation: [org.hibernate.engine.transaction.jta.platform.internal.NoJtaPlatform]
2023-06-26 16:17:56.575  INFO 17336 --- [main] j.LocalContainerEntityManagerFactoryBean : Initialized JPA EntityManagerFactory for persistence unit 'default'
2023-06-26 16:17:56.972  WARN 17336 --- [main] JpaBaseConfiguration$JpaWebConfiguration : spring.jpa.open-in-view is enabled by default. Therefore, database queries may be performed during view rendering. Explicitly configure spring.jpa.open-in-view to disable this warning
2023-06-26 16:17:57.297  INFO 17336 --- [main] o.s.b.w.embedded.tomcat.TomcatWebServer  : Tomcat started on port(s): 8085 (http) with context path ''
2023-06-26 16:17:57.307  INFO 17336 --- [main] com.transporter.TransportApplication     : Started TransportApplication in 3.581 seconds (JVM running for 3.872)
2023-06-26 16:38:43.008  INFO 16892 --- [main] com.transporter.TransportApplication     : Starting TransportApplication using Java 17.0.4 on DESKTOP-M9MCLSC with PID 16892 (C:\Me\Projek\operator\backend-op\build\classes\java\main started by dartmedia in C:\Me\Projek\operator\backend-op)
2023-06-26 16:38:43.016  INFO 16892 --- [main] com.transporter.TransportApplication     : No active profile set, falling back to 1 default profile: "default"
2023-06-26 16:38:44.482  INFO 16892 --- [main] .s.d.r.c.RepositoryConfigurationDelegate : Multiple Spring Data modules found, entering strict repository configuration mode
2023-06-26 16:38:44.486  INFO 16892 --- [main] .s.d.r.c.RepositoryConfigurationDelegate : Bootstrapping Spring Data JDBC repositories in DEFAULT mode.
2023-06-26 16:38:44.555  INFO 16892 --- [main] .RepositoryConfigurationExtensionSupport : Spring Data JDBC - Could not safely identify store assignment for repository candidate interface com.transporter.Repository.MSISDNRepository; If you want this repository to be a JDBC repository, consider annotating your entities with one of these annotations: org.springframework.data.relational.core.mapping.Table.
2023-06-26 16:38:44.560  INFO 16892 --- [main] .RepositoryConfigurationExtensionSupport : Spring Data JDBC - Could not safely identify store assignment for repository candidate interface com.transporter.Repository.ReportRepository; If you want this repository to be a JDBC repository, consider annotating your entities with one of these annotations: org.springframework.data.relational.core.mapping.Table.
2023-06-26 16:38:44.566  INFO 16892 --- [main] .RepositoryConfigurationExtensionSupport : Spring Data JDBC - Could not safely identify store assignment for repository candidate interface com.transporter.Repository.TransportRepository; If you want this repository to be a JDBC repository, consider annotating your entities with one of these annotations: org.springframework.data.relational.core.mapping.Table.
2023-06-26 16:38:44.567  INFO 16892 --- [main] .s.d.r.c.RepositoryConfigurationDelegate : Finished Spring Data repository scanning in 71 ms. Found 0 JDBC repository interfaces.
2023-06-26 16:38:44.587  INFO 16892 --- [main] .s.d.r.c.RepositoryConfigurationDelegate : Multiple Spring Data modules found, entering strict repository configuration mode
2023-06-26 16:38:44.589  INFO 16892 --- [main] .s.d.r.c.RepositoryConfigurationDelegate : Bootstrapping Spring Data JPA repositories in DEFAULT mode.
2023-06-26 16:38:44.683  INFO 16892 --- [main] .s.d.r.c.RepositoryConfigurationDelegate : Finished Spring Data repository scanning in 81 ms. Found 3 JPA repository interfaces.
2023-06-26 16:38:46.146  INFO 16892 --- [main] o.s.b.w.embedded.tomcat.TomcatWebServer  : Tomcat initialized with port(s): 8085 (http)
2023-06-26 16:38:46.149  INFO 16892 --- [main] o.a.catalina.core.AprLifecycleListener   : Loaded Apache Tomcat Native library [1.2.33] using APR version [1.7.0].
2023-06-26 16:38:46.150  INFO 16892 --- [main] o.a.catalina.core.AprLifecycleListener   : APR capabilities: IPv6 [true], sendfile [true], accept filters [false], random [true], UDS [true].
2023-06-26 16:38:46.150  INFO 16892 --- [main] o.a.catalina.core.AprLifecycleListener   : APR/OpenSSL configuration: useAprConnector [false], useOpenSSL [true]
2023-06-26 16:38:46.158  INFO 16892 --- [main] o.a.catalina.core.AprLifecycleListener   : OpenSSL successfully initialized [OpenSSL 1.1.1o  3 May 2022]
2023-06-26 16:38:46.181  INFO 16892 --- [main] o.apache.catalina.core.StandardService   : Starting service [Tomcat]
2023-06-26 16:38:46.182  INFO 16892 --- [main] org.apache.catalina.core.StandardEngine  : Starting Servlet engine: [Apache Tomcat/9.0.74]
2023-06-26 16:38:46.414  INFO 16892 --- [main] o.a.c.c.C.[Tomcat].[localhost].[/]       : Initializing Spring embedded WebApplicationContext
2023-06-26 16:38:46.415  INFO 16892 --- [main] w.s.c.ServletWebServerApplicationContext : Root WebApplicationContext: initialization completed in 3273 ms
2023-06-26 16:38:46.824  INFO 16892 --- [main] o.hibernate.jpa.internal.util.LogHelper  : HHH000204: Processing PersistenceUnitInfo [name: default]
2023-06-26 16:38:46.969  INFO 16892 --- [main] org.hibernate.Version                    : HHH000412: Hibernate ORM core version 5.6.15.Final
2023-06-26 16:38:47.414  INFO 16892 --- [main] o.hibernate.annotations.common.Version   : HCANN000001: Hibernate Commons Annotations {5.1.2.Final}
2023-06-26 16:38:47.744  INFO 16892 --- [main] com.zaxxer.hikari.HikariDataSource       : HikariPool-1 - Starting...
2023-06-26 16:38:49.024  INFO 16892 --- [main] com.zaxxer.hikari.HikariDataSource       : HikariPool-1 - Start completed.
2023-06-26 16:38:49.069  INFO 16892 --- [main] org.hibernate.dialect.Dialect            : HHH000400: Using dialect: org.hibernate.dialect.MySQL5Dialect
2023-06-26 16:38:50.622  INFO 16892 --- [main] o.h.e.t.j.p.i.JtaPlatformInitiator       : HHH000490: Using JtaPlatform implementation: [org.hibernate.engine.transaction.jta.platform.internal.NoJtaPlatform]
2023-06-26 16:38:50.645  INFO 16892 --- [main] j.LocalContainerEntityManagerFactoryBean : Initialized JPA EntityManagerFactory for persistence unit 'default'
2023-06-26 16:38:51.663  WARN 16892 --- [main] JpaBaseConfiguration$JpaWebConfiguration : spring.jpa.open-in-view is enabled by default. Therefore, database queries may be performed during view rendering. Explicitly configure spring.jpa.open-in-view to disable this warning
2023-06-26 16:38:52.486  INFO 16892 --- [main] o.s.b.w.embedded.tomcat.TomcatWebServer  : Tomcat started on port(s): 8085 (http) with context path ''
2023-06-26 16:38:52.511  INFO 16892 --- [main] com.transporter.TransportApplication     : Started TransportApplication in 10.52 seconds (JVM running for 10.991)
2023-06-26 16:38:54.131  INFO 16892 --- [http-nio-8085-exec-1] o.a.c.c.C.[Tomcat].[localhost].[/]       : Initializing Spring DispatcherServlet 'dispatcherServlet'
2023-06-26 16:38:54.132  INFO 16892 --- [http-nio-8085-exec-1] o.s.web.servlet.DispatcherServlet        : Initializing Servlet 'dispatcherServlet'
2023-06-26 16:38:54.133  INFO 16892 --- [http-nio-8085-exec-1] o.s.web.servlet.DispatcherServlet        : Completed initialization in 1 ms
2023-06-26 16:38:54.422  INFO 16892 --- [http-nio-8085-exec-1] c.t.Controller.TransportController       : Request Report 628111391310, success
2023-06-26 16:39:04.162  INFO 16892 --- [http-nio-8085-exec-7] c.t.Controller.TransportController       : Request Report 628111391310, success
2023-06-26 16:39:05.221  INFO 16892 --- [http-nio-8085-exec-4] c.t.Controller.TransportController       : Request Report 628111391310, success
2023-06-26 16:40:33.873  INFO 28328 --- [main] com.transporter.TransportApplication     : Starting TransportApplication using Java 17.0.4 on DESKTOP-M9MCLSC with PID 28328 (C:\Me\Projek\operator\backend-op\build\classes\java\main started by dartmedia in C:\Me\Projek\operator\backend-op)
2023-06-26 16:40:33.881  INFO 28328 --- [main] com.transporter.TransportApplication     : No active profile set, falling back to 1 default profile: "default"
2023-06-26 16:40:35.198  INFO 28328 --- [main] .s.d.r.c.RepositoryConfigurationDelegate : Multiple Spring Data modules found, entering strict repository configuration mode
2023-06-26 16:40:35.201  INFO 28328 --- [main] .s.d.r.c.RepositoryConfigurationDelegate : Bootstrapping Spring Data JDBC repositories in DEFAULT mode.
2023-06-26 16:40:35.261  INFO 28328 --- [main] .RepositoryConfigurationExtensionSupport : Spring Data JDBC - Could not safely identify store assignment for repository candidate interface com.transporter.Repository.MSISDNRepository; If you want this repository to be a JDBC repository, consider annotating your entities with one of these annotations: org.springframework.data.relational.core.mapping.Table.
2023-06-26 16:40:35.266  INFO 28328 --- [main] .RepositoryConfigurationExtensionSupport : Spring Data JDBC - Could not safely identify store assignment for repository candidate interface com.transporter.Repository.TransportRepository; If you want this repository to be a JDBC repository, consider annotating your entities with one of these annotations: org.springframework.data.relational.core.mapping.Table.
2023-06-26 16:40:35.267  INFO 28328 --- [main] .s.d.r.c.RepositoryConfigurationDelegate : Finished Spring Data repository scanning in 57 ms. Found 0 JDBC repository interfaces.
2023-06-26 16:40:35.283  INFO 28328 --- [main] .s.d.r.c.RepositoryConfigurationDelegate : Multiple Spring Data modules found, entering strict repository configuration mode
2023-06-26 16:40:35.285  INFO 28328 --- [main] .s.d.r.c.RepositoryConfigurationDelegate : Bootstrapping Spring Data JPA repositories in DEFAULT mode.
2023-06-26 16:40:35.356  INFO 28328 --- [main] .s.d.r.c.RepositoryConfigurationDelegate : Finished Spring Data repository scanning in 60 ms. Found 2 JPA repository interfaces.
2023-06-26 16:40:36.609  INFO 28328 --- [main] o.s.b.w.embedded.tomcat.TomcatWebServer  : Tomcat initialized with port(s): 8085 (http)
2023-06-26 16:40:36.612  INFO 28328 --- [main] o.a.catalina.core.AprLifecycleListener   : Loaded Apache Tomcat Native library [1.2.33] using APR version [1.7.0].
2023-06-26 16:40:36.613  INFO 28328 --- [main] o.a.catalina.core.AprLifecycleListener   : APR capabilities: IPv6 [true], sendfile [true], accept filters [false], random [true], UDS [true].
2023-06-26 16:40:36.613  INFO 28328 --- [main] o.a.catalina.core.AprLifecycleListener   : APR/OpenSSL configuration: useAprConnector [false], useOpenSSL [true]
2023-06-26 16:40:36.619  INFO 28328 --- [main] o.a.catalina.core.AprLifecycleListener   : OpenSSL successfully initialized [OpenSSL 1.1.1o  3 May 2022]
2023-06-26 16:40:36.638  INFO 28328 --- [main] o.apache.catalina.core.StandardService   : Starting service [Tomcat]
2023-06-26 16:40:36.639  INFO 28328 --- [main] org.apache.catalina.core.StandardEngine  : Starting Servlet engine: [Apache Tomcat/9.0.74]
2023-06-26 16:40:36.841  INFO 28328 --- [main] o.a.c.c.C.[Tomcat].[localhost].[/]       : Initializing Spring embedded WebApplicationContext
2023-06-26 16:40:36.841  INFO 28328 --- [main] w.s.c.ServletWebServerApplicationContext : Root WebApplicationContext: initialization completed in 2848 ms
2023-06-26 16:40:37.226  INFO 28328 --- [main] o.hibernate.jpa.internal.util.LogHelper  : HHH000204: Processing PersistenceUnitInfo [name: default]
2023-06-26 16:40:37.351  INFO 28328 --- [main] org.hibernate.Version                    : HHH000412: Hibernate ORM core version 5.6.15.Final
2023-06-26 16:40:37.718  INFO 28328 --- [main] o.hibernate.annotations.common.Version   : HCANN000001: Hibernate Commons Annotations {5.1.2.Final}
2023-06-26 16:40:37.946  INFO 28328 --- [main] com.zaxxer.hikari.HikariDataSource       : HikariPool-1 - Starting...
2023-06-26 16:40:38.582  INFO 28328 --- [main] com.zaxxer.hikari.HikariDataSource       : HikariPool-1 - Start completed.
2023-06-26 16:40:38.615  INFO 28328 --- [main] org.hibernate.dialect.Dialect            : HHH000400: Using dialect: org.hibernate.dialect.MySQL5Dialect
2023-06-26 16:40:39.992  INFO 28328 --- [main] o.h.e.t.j.p.i.JtaPlatformInitiator       : HHH000490: Using JtaPlatform implementation: [org.hibernate.engine.transaction.jta.platform.internal.NoJtaPlatform]
2023-06-26 16:40:40.014  INFO 28328 --- [main] j.LocalContainerEntityManagerFactoryBean : Initialized JPA EntityManagerFactory for persistence unit 'default'
2023-06-26 16:40:40.952  WARN 28328 --- [main] JpaBaseConfiguration$JpaWebConfiguration : spring.jpa.open-in-view is enabled by default. Therefore, database queries may be performed during view rendering. Explicitly configure spring.jpa.open-in-view to disable this warning
2023-06-26 16:40:41.705  INFO 28328 --- [main] o.s.b.w.embedded.tomcat.TomcatWebServer  : Tomcat started on port(s): 8085 (http) with context path ''
2023-06-26 16:40:41.730  INFO 28328 --- [main] com.transporter.TransportApplication     : Started TransportApplication in 8.739 seconds (JVM running for 9.469)
2023-06-26 16:48:39.119  INFO 28328 --- [http-nio-8085-exec-3] o.a.c.c.C.[Tomcat].[localhost].[/]       : Initializing Spring DispatcherServlet 'dispatcherServlet'
2023-06-26 16:48:39.119  INFO 28328 --- [http-nio-8085-exec-3] o.s.web.servlet.DispatcherServlet        : Initializing Servlet 'dispatcherServlet'
2023-06-26 16:48:39.120  INFO 28328 --- [http-nio-8085-exec-3] o.s.web.servlet.DispatcherServlet        : Completed initialization in 0 ms
2023-06-26 16:48:39.236  INFO 28328 --- [http-nio-8085-exec-3] c.t.Controller.TransportController       : Request Report 628111391310, success
2023-06-26 16:51:06.962  INFO 28328 --- [http-nio-8085-exec-6] c.t.Controller.TransportController       : Number 628111391311 has been registered
2023-06-26 16:51:35.864  INFO 28328 --- [http-nio-8085-exec-7] c.t.Controller.TransportController       : Number 628111391311 has been registered
2023-06-26 16:53:32.073  INFO 28328 --- [http-nio-8085-exec-5] c.t.Controller.TransportController       : Request Report 628111391311, success
2023-06-26 16:54:30.359  INFO 28328 --- [http-nio-8085-exec-6] com.transporter.DAO.TransportDAOImpl     : Report Failed cause : Incorrect result size: expected 1, actual 0
2023-06-26 16:54:30.360  INFO 28328 --- [http-nio-8085-exec-6] c.t.Controller.TransportController       : Request Report 628111391311, Cannot find data
2023-06-26 16:54:52.343  INFO 28328 --- [http-nio-8085-exec-7] c.t.Controller.TransportController       : Request Report 628111391311, success
